<testsuite name="Mocha Tests" tests="1" failures="0" errors="1" skipped="0" timestamp="Sat, 16 May 2026 00:01:46 GMT" time="5.82">
<testcase classname="Login" name="Realizar login informando credenciais inv&#xE1;lidas" time="0"><failure>Syntax error, unrecognized expression: data-test=&#x22;error&#x22;
Error: Syntax error, unrecognized expression: data-test=&#x22;error&#x22;
    at find.error (https://www.saucedemo.com/__cypress/runner/cypress_runner.js:8298:8)
    at tokenize (https://www.saucedemo.com/__cypress/runner/cypress_runner.js:8964:8)
    at select (https://www.saucedemo.com/__cypress/runner/cypress_runner.js:9423:20)
    at jQuery.find (https://www.saucedemo.com/__cypress/runner/cypress_runner.js:7734:9)
    at jQuery.fn.init.find (https://www.saucedemo.com/__cypress/runner/cypress_runner.js:9633:11)
    at new jQuery.fn.init (https://www.saucedemo.com/__cypress/runner/cypress_runner.js:9748:40)
    at Object.query (https://www.saucedemo.com/__cypress/runner/cypress_runner.js:17942:10)
    at $Cy.$$ (https://www.saucedemo.com/__cypress/runner/cypress_runner.js:148468:57)
    at &#x3C;unknown&#x3E; (https://www.saucedemo.com/__cypress/runner/cypress_runner.js:135680:18)
    at Object.subjectFn (https://www.saucedemo.com/__cypress/runner/cypress_runner.js:152363:16)
    at $Cy.verifyUpcomingAssertions (https://www.saucedemo.com/__cypress/runner/cypress_runner.js:151628:31)
    at onRetry (https://www.saucedemo.com/__cypress/runner/cypress_runner.js:152354:15)
    at retryQuery (https://www.saucedemo.com/__cypress/runner/cypress_runner.js:152367:10)
    at &#x3C;unknown&#x3E; (https://www.saucedemo.com/__cypress/runner/cypress_runner.js:152520:17)
    at tryCatcher (https://www.saucedemo.com/__cypress/runner/cypress_runner.js:1777:23)
    at Promise._settlePromiseFromHandler (https://www.saucedemo.com/__cypress/runner/cypress_runner.js:1489:31)
    at Promise._settlePromise (https://www.saucedemo.com/__cypress/runner/cypress_runner.js:1546:18)
    at Promise._settlePromiseCtx (https://www.saucedemo.com/__cypress/runner/cypress_runner.js:1583:10)
    at _drainQueueStep (https://www.saucedemo.com/__cypress/runner/cypress_runner.js:2381:12)
    at _drainQueue (https://www.saucedemo.com/__cypress/runner/cypress_runner.js:2370:9)
    at Async._drainQueues (https://www.saucedemo.com/__cypress/runner/cypress_runner.js:2386:5)
    at Async.drainQueues (https://www.saucedemo.com/__cypress/runner/cypress_runner.js:2256:14)</failure></testcase>
</testsuite>
